0 info it worked if it ends with ok
1 verbose cli [ '/usr/local/Cellar/node/5.11.0/bin/node',
1 verbose cli   '/usr/local/bin/npm',
1 verbose cli   'start' ]
2 info using npm@3.8.7
3 info using node@v5.11.0
4 verbose run-script [ 'prestart', 'start', 'poststart' ]
5 info lifecycle LastStop@0.0.1~prestart: LastStop@0.0.1
6 silly lifecycle LastStop@0.0.1~prestart: no script for prestart, continuing
7 info lifecycle LastStop@0.0.1~start: LastStop@0.0.1
8 verbose lifecycle LastStop@0.0.1~start: unsafe-perm in lifecycle true
9 verbose lifecycle LastStop@0.0.1~start: PATH: /usr/local/lib/node_modules/npm/bin/node-gyp-bin:/Users/Kromotos/Desktop/LastStop1/node_modules/.bin:/usr/local/Cellar/node/5.11.0/bin:/Users/Kromotos/.rvm/gems/ruby-2.0.0-p648/bin:/Users/Kromotos/.rvm/gems/ruby-2.0.0-p648@global/bin:/Users/Kromotos/.rvm/rubies/ruby-2.0.0-p648/bin:/Users/Kromotos/.rvm/bin:/usr/local/heroku/bin:/usr/local/bin:/usr/local/sbin:~/bin:/Users/Kromotos/.rbenv/bin:/Users/Kromotos/.rbenv/shims:/usr/local/bin:/usr/bin:/bin:/usr/sbin:/sbin
10 verbose lifecycle LastStop@0.0.1~start: CWD: /Users/Kromotos/Desktop/LastStop1
11 silly lifecycle LastStop@0.0.1~start: Args: [ '-c',
11 silly lifecycle   'webpack-dev-server -d --config webpack.config.js --content-base public/ --progress --colors' ]
12 silly lifecycle LastStop@0.0.1~start: Returned: code: 1  signal: null
13 info lifecycle LastStop@0.0.1~start: Failed to exec start script
14 verbose stack Error: LastStop@0.0.1 start: `webpack-dev-server -d --config webpack.config.js --content-base public/ --progress --colors`
14 verbose stack Exit status 1
14 verbose stack     at EventEmitter.<anonymous> (/usr/local/lib/node_modules/npm/lib/utils/lifecycle.js:244:16)
14 verbose stack     at emitTwo (events.js:100:13)
14 verbose stack     at EventEmitter.emit (events.js:185:7)
14 verbose stack     at ChildProcess.<anonymous> (/usr/local/lib/node_modules/npm/lib/utils/spawn.js:24:14)
14 verbose stack     at emitTwo (events.js:100:13)
14 verbose stack     at ChildProcess.emit (events.js:185:7)
14 verbose stack     at maybeClose (internal/child_process.js:850:16)
14 verbose stack     at Process.ChildProcess._handle.onexit (internal/child_process.js:215:5)
15 verbose pkgid LastStop@0.0.1
16 verbose cwd /Users/Kromotos/Desktop/LastStop1
17 error Darwin 15.4.0
18 error argv "/usr/local/Cellar/node/5.11.0/bin/node" "/usr/local/bin/npm" "start"
19 error node v5.11.0
20 error npm  v3.8.7
21 error code ELIFECYCLE
22 error LastStop@0.0.1 start: `webpack-dev-server -d --config webpack.config.js --content-base public/ --progress --colors`
22 error Exit status 1
23 error Failed at the LastStop@0.0.1 start script 'webpack-dev-server -d --config webpack.config.js --content-base public/ --progress --colors'.
23 error Make sure you have the latest version of node.js and npm installed.
23 error If you do, this is most likely a problem with the LastStop package,
23 error not with npm itself.
23 error Tell the author that this fails on your system:
23 error     webpack-dev-server -d --config webpack.config.js --content-base public/ --progress --colors
23 error You can get information on how to open an issue for this project with:
23 error     npm bugs LastStop
23 error Or if that isn't available, you can get their info via:
23 error     npm owner ls LastStop
23 error There is likely additional logging output above.
24 verbose exit [ 1, true ]
