MONGODB | Adding localhost:27017 to the cluster.
MONGODB | localhost:27017 | last_stop_development.insert | STARTED | {"insert"=>"stops", "documents"=>[{"_id"=>BSON::ObjectId('571a76f7a6f73e117a000000'), "route_id"=>1, "stop_id"=>1, "stop_name"=>"San Francisco", "stop_lat"=>37.77666, "stop_lon"=>-122.3947, "departure_time"=>"23:00:00", "stop_sequence"=>1, "direction_...
MONGODB | localhost:27017 | last_stop_development.insert | SUCCEEDED | 0.382476s


Started GET "/" for ::1 at 2016-04-22 15:24:50 -0700
Processing by Rails::WelcomeController#index as HTML
  Rendered /Users/apprentice/.rbenv/versions/2.0.0-p353/lib/ruby/gems/2.0.0/gems/railties-4.2.6/lib/rails/templates/rails/welcome/index.html.erb (1.7ms)
Completed 200 OK in 30ms (Views: 30.3ms)


Started GET "/" for ::1 at 2016-04-22 15:24:50 -0700
Processing by Rails::WelcomeController#index as HTML
  Rendered /Users/apprentice/.rbenv/versions/2.0.0-p353/lib/ruby/gems/2.0.0/gems/railties-4.2.6/lib/rails/templates/rails/welcome/index.html.erb (0.1ms)
Completed 200 OK in 2ms (Views: 1.6ms)


Started GET "/stops" for ::1 at 2016-04-22 15:24:57 -0700

ActionController::RoutingError (No route matches [GET] "/stops"):
  actionpack (4.2.6) lib/action_dispatch/middleware/debug_exceptions.rb:21:in `call'
  actionpack (4.2.6) lib/action_dispatch/middleware/show_exceptions.rb:30:in `call'
  railties (4.2.6) lib/rails/rack/logger.rb:38:in `call_app'
  railties (4.2.6) lib/rails/rack/logger.rb:20:in `block in call'
  activesupport (4.2.6) lib/active_support/tagged_logging.rb:68:in `block in tagged'
  activesupport (4.2.6) lib/active_support/tagged_logging.rb:26:in `tagged'
  activesupport (4.2.6) lib/active_support/tagged_logging.rb:68:in `tagged'
  railties (4.2.6) lib/rails/rack/logger.rb:20:in `call'
  actionpack (4.2.6) lib/action_dispatch/middleware/request_id.rb:21:in `call'
  rack (1.6.4) lib/rack/runtime.rb:18:in `call'
  activesupport (4.2.6) lib/active_support/cache/strategy/local_cache_middleware.rb:28:in `call'
  rack (1.6.4) lib/rack/lock.rb:17:in `call'
  actionpack (4.2.6) lib/action_dispatch/middleware/static.rb:120:in `call'
  railties (4.2.6) lib/rails/engine.rb:518:in `call'
  railties (4.2.6) lib/rails/application.rb:165:in `call'
  rack (1.6.4) lib/rack/lock.rb:17:in `call'
  rack (1.6.4) lib/rack/content_length.rb:15:in `call'
  rack (1.6.4) lib/rack/handler/webrick.rb:88:in `service'
  /Users/apprentice/.rbenv/versions/2.0.0-p353/lib/ruby/2.0.0/webrick/httpserver.rb:138:in `service'
  /Users/apprentice/.rbenv/versions/2.0.0-p353/lib/ruby/2.0.0/webrick/httpserver.rb:94:in `run'
  /Users/apprentice/.rbenv/versions/2.0.0-p353/lib/ruby/2.0.0/webrick/server.rb:295:in `block in start_thread'


  Rendered /Users/apprentice/.rbenv/versions/2.0.0-p353/lib/ruby/gems/2.0.0/gems/actionpack-4.2.6/lib/action_dispatch/middleware/templates/rescues/_trace.html.erb (1.9ms)
  Rendered /Users/apprentice/.rbenv/versions/2.0.0-p353/lib/ruby/gems/2.0.0/gems/actionpack-4.2.6/lib/action_dispatch/middleware/templates/routes/_route.html.erb (1.8ms)
  Rendered /Users/apprentice/.rbenv/versions/2.0.0-p353/lib/ruby/gems/2.0.0/gems/actionpack-4.2.6/lib/action_dispatch/middleware/templates/routes/_table.html.erb (22.4ms)
  Rendered /Users/apprentice/.rbenv/versions/2.0.0-p353/lib/ruby/gems/2.0.0/gems/actionpack-4.2.6/lib/action_dispatch/middleware/templates/rescues/_request_and_response.html.erb (1.3ms)
  Rendered /Users/apprentice/.rbenv/versions/2.0.0-p353/lib/ruby/gems/2.0.0/gems/actionpack-4.2.6/lib/action_dispatch/middleware/templates/rescues/routing_error.html.erb within rescues/layout (117.0ms)


Started GET "/apis/stops" for ::1 at 2016-04-22 15:25:02 -0700
Processing by StopsController#index as HTML
Completed 200 OK in 100ms (Views: 83.9ms)


Started GET "/" for ::1 at 2016-04-22 19:52:08 -0700
Processing by Rails::WelcomeController#index as HTML
  Rendered /Users/apprentice/.rbenv/versions/2.0.0-p353/lib/ruby/gems/2.0.0/gems/railties-4.2.6/lib/rails/templates/rails/welcome/index.html.erb (1.9ms)
Completed 200 OK in 29ms (Views: 28.8ms)


Started GET "/apis/stops" for ::1 at 2016-04-22 19:52:15 -0700
Processing by StopsController#index as HTML
Completed 500 Internal Server Error in 54ms

Mongo::Error::OperationFailure ('near' field must be point (17304)):
  app/controllers/stops_controller.rb:4:in `index'


  Rendered /Users/apprentice/.rbenv/versions/2.0.0-p353/lib/ruby/gems/2.0.0/gems/actionpack-4.2.6/lib/action_dispatch/middleware/templates/rescues/_source.erb (7.7ms)
  Rendered /Users/apprentice/.rbenv/versions/2.0.0-p353/lib/ruby/gems/2.0.0/gems/actionpack-4.2.6/lib/action_dispatch/middleware/templates/rescues/_trace.html.erb (2.9ms)
  Rendered /Users/apprentice/.rbenv/versions/2.0.0-p353/lib/ruby/gems/2.0.0/gems/actionpack-4.2.6/lib/action_dispatch/middleware/templates/rescues/_request_and_response.html.erb (0.9ms)
  Rendered /Users/apprentice/.rbenv/versions/2.0.0-p353/lib/ruby/gems/2.0.0/gems/actionpack-4.2.6/lib/action_dispatch/middleware/templates/rescues/diagnostics.html.erb within rescues/layout (27.1ms)


Started GET "/apis/stops" for ::1 at 2016-04-22 19:52:38 -0700
Processing by StopsController#index as HTML
Completed 200 OK in 14ms (Views: 2.8ms)


Started GET "/apis/stops" for ::1 at 2016-04-22 19:54:46 -0700
Processing by StopsController#index as HTML
Completed 200 OK in 13ms (Views: 5.5ms)


Started GET "/apis/stops" for ::1 at 2016-04-22 20:02:07 -0700
Processing by StopsController#index as HTML
Completed 200 OK in 51ms (Views: 43.5ms)


Started GET "/apis/stops" for ::1 at 2016-04-22 20:03:17 -0700
Processing by StopsController#index as HTML
Completed 200 OK in 12ms (Views: 5.1ms)


Started GET "/" for ::1 at 2016-04-23 13:57:59 -0700
Processing by Rails::WelcomeController#index as HTML
  Rendered /Users/apprentice/.rbenv/versions/2.0.0-p353/lib/ruby/gems/2.0.0/gems/railties-4.2.6/lib/rails/templates/rails/welcome/index.html.erb (1.9ms)
Completed 200 OK in 33ms (Views: 33.2ms)


Started GET "/" for ::1 at 2016-04-23 13:57:59 -0700
Processing by Rails::WelcomeController#index as HTML
  Rendered /Users/apprentice/.rbenv/versions/2.0.0-p353/lib/ruby/gems/2.0.0/gems/railties-4.2.6/lib/rails/templates/rails/welcome/index.html.erb (0.1ms)
Completed 200 OK in 2ms (Views: 1.6ms)


Started GET "/apis/stops" for ::1 at 2016-04-23 13:58:05 -0700
Processing by StopsController#index as HTML
Completed 200 OK in 110ms (Views: 66.5ms)
